<?xml version="1.0" encoding="UTF-8"?>
<!-- Generated by org.testng.reporters.JUnitReportReporter -->
<testsuite hostname="Dianas-MacBook-Air.local" failures="0" tests="1" name="testCases.PlayTestCasesExam" time="6.656" errors="0" timestamp="23 Jun 2022 20:16:37 GMT" skipped="0">
  <testcase classname="testCases.PlayTestCasesExam" name="GIVEN_userIsOnLandingPage_AND_selectsBlueJeansViaApparlAndShoesHeaderMenu_WHEN_userAddsToCart_THEN_successNotificationIsDisplayed_AND_itemIsSuccessfullyDisplaysInShopppingCart" time="6.656"/>
</testsuite> <!-- testCases.PlayTestCasesExam -->
